2021-06-21 14:59:40:988  [TID      21340][INFO    ] Default Logger initialized [dmvcframework]
2021-06-21 14:59:41:004  [TID      21340][INFO    ] Server started on port 8080 [dmvcframework]
2021-06-21 14:59:59:407  [TID      18776][INFO    ] ENTER: Config default values [dmvcframework]
2021-06-21 14:59:59:407  [TID      18776][INFO    ] EXIT: Config default values [dmvcframework]
2021-06-21 14:59:59:407  [TID      18776][INFO    ] >> Custom configuration method [dmvcframework]
2021-06-21 14:59:59:407  [TID      18776][INFO    ] << Custom configuration method [dmvcframework]
2021-06-21 14:59:59:407  [TID      18776][INFO    ] ENTER: LoadSystemControllers [dmvcframework]
2021-06-21 14:59:59:407  [TID      18776][INFO    ] EXIT: LoadSystemControllers [dmvcframework]
2021-06-21 14:59:59:407  [TID      18776][INFO    ] GET:/ [0:0:0:0:0:0:0:1] -> {NOT FOUND} - 404 Not Found [dmvcframework]
2021-06-21 15:00:01:942  [TID      18776][ERROR   ] [EMVCException] Not Found (Custom message: "GET /") [dmvcframework]
2021-06-21 15:00:02:220  [TID      10404][INFO    ] GET:/favicon.ico [0:0:0:0:0:0:0:1] -> {NOT FOUND} - 404 Not Found [dmvcframework]
2021-06-21 15:00:19:716  [TID      10404][ERROR   ] [EMVCException] Not Found (Custom message: "GET /favicon.ico") [dmvcframework]
2021-06-21 15:00:21:321  [TID      18588][INFO    ] GET:/favicon.ico [0:0:0:0:0:0:0:1] -> {NOT FOUND} - 404 Not Found [dmvcframework]
2021-06-21 15:00:22:270  [TID      18588][ERROR   ] [EMVCException] Not Found (Custom message: "GET /favicon.ico") [dmvcframework]
2021-06-21 15:00:22:307  [TID      17560][INFO    ] ENTER: Config default values [dmvcframework]
2021-06-21 15:00:22:316  [TID      17560][INFO    ] EXIT: Config default values [dmvcframework]
2021-06-21 15:00:22:316  [TID      17560][INFO    ] >> Custom configuration method [dmvcframework]
2021-06-21 15:00:22:316  [TID      17560][INFO    ] << Custom configuration method [dmvcframework]
2021-06-21 15:00:22:316  [TID      17560][INFO    ] ENTER: LoadSystemControllers [dmvcframework]
2021-06-21 15:00:22:316  [TID      17560][INFO    ] EXIT: LoadSystemControllers [dmvcframework]
2021-06-21 15:00:22:317  [TID      17560][INFO    ] GET:/api [0:0:0:0:0:0:0:1] -> UMyController.TMyController.Index - 200 OK [dmvcframework]
2021-06-21 15:00:22:364  [TID      17560][INFO    ] GET:/favicon.ico [0:0:0:0:0:0:0:1] -> {NOT FOUND} - 404 Not Found [dmvcframework]
2021-06-21 15:00:22:844  [TID      17560][ERROR   ] [EMVCException] Not Found (Custom message: "GET /favicon.ico") [dmvcframework]
2021-06-21 15:00:28:837  [TID      17744][INFO    ] GET:/api [0:0:0:0:0:0:0:1] -> UMyController.TMyController.Index - 200 OK [dmvcframework]
